d:\github university projects\301cr - gameengine2d - ivan alexandru\301cr---gameengine2d---ivan-alexandru\gameengine2d - alex\debug\vc142.pdb
d:\github university projects\301cr - gameengine2d - ivan alexandru\301cr---gameengine2d---ivan-alexandru\gameengine2d - alex\debug\vc142.idb
d:\github university projects\301cr - gameengine2d - ivan alexandru\301cr---gameengine2d---ivan-alexandru\gameengine2d - alex\debug\logger.obj
d:\github university projects\301cr - gameengine2d - ivan alexandru\301cr---gameengine2d---ivan-alexandru\gameengine2d - alex\debug\main.obj
d:\github university projects\301cr - gameengine2d - ivan alexandru\301cr---gameengine2d---ivan-alexandru\gameengine2d - alex\debug\imgui_widgets.obj
d:\github university projects\301cr - gameengine2d - ivan alexandru\301cr---gameengine2d---ivan-alexandru\gameengine2d - alex\debug\imgui_sdl.obj
d:\github university projects\301cr - gameengine2d - ivan alexandru\301cr---gameengine2d---ivan-alexandru\gameengine2d - alex\debug\imgui_draw.obj
d:\github university projects\301cr - gameengine2d - ivan alexandru\301cr---gameengine2d---ivan-alexandru\gameengine2d - alex\debug\imgui_demo.obj
d:\github university projects\301cr - gameengine2d - ivan alexandru\301cr---gameengine2d---ivan-alexandru\gameengine2d - alex\debug\imgui.obj
d:\github university projects\301cr - gameengine2d - ivan alexandru\301cr---gameengine2d---ivan-alexandru\gameengine2d - alex\debug\glm.obj
d:\github university projects\301cr - gameengine2d - ivan alexandru\301cr---gameengine2d---ivan-alexandru\gameengine2d - alex\debug\ecs.obj
d:\github university projects\301cr - gameengine2d - ivan alexandru\301cr---gameengine2d---ivan-alexandru\gameengine2d - alex\debug\assetmanager.obj
d:\github university projects\301cr - gameengine2d - ivan alexandru\301cr---gameengine2d---ivan-alexandru\gameengine2d - alex\debug\imgui_impl_sdl.obj
d:\github university projects\301cr - gameengine2d - ivan alexandru\301cr---gameengine2d---ivan-alexandru\gameengine2d - alex\debug\levelloader.obj
d:\github university projects\301cr - gameengine2d - ivan alexandru\301cr---gameengine2d---ivan-alexandru\gameengine2d - alex\debug\game.obj
d:\github university projects\301cr - gameengine2d - ivan alexandru\301cr---gameengine2d---ivan-alexandru\gameengine2d - alex\debug\gameengine2d - alex.exe
d:\github university projects\301cr - gameengine2d - ivan alexandru\301cr---gameengine2d---ivan-alexandru\gameengine2d - alex\debug\gameengine2d - alex.ilk
d:\github university projects\301cr - gameengine2d - ivan alexandru\301cr---gameengine2d---ivan-alexandru\gameengine2d - alex\debug\gameengine2d - alex.pdb
d:\github university projects\301cr - gameengine2d - ivan alexandru\301cr---gameengine2d---ivan-alexandru\gameengine2d - alex\debug\gameengi.28cde223.tlog\cl.command.1.tlog
d:\github university projects\301cr - gameengine2d - ivan alexandru\301cr---gameengine2d---ivan-alexandru\gameengine2d - alex\debug\gameengi.28cde223.tlog\cl.read.1.tlog
d:\github university projects\301cr - gameengine2d - ivan alexandru\301cr---gameengine2d---ivan-alexandru\gameengine2d - alex\debug\gameengi.28cde223.tlog\cl.write.1.tlog
d:\github university projects\301cr - gameengine2d - ivan alexandru\301cr---gameengine2d---ivan-alexandru\gameengine2d - alex\debug\gameengi.28cde223.tlog\link.command.1.tlog
d:\github university projects\301cr - gameengine2d - ivan alexandru\301cr---gameengine2d---ivan-alexandru\gameengine2d - alex\debug\gameengi.28cde223.tlog\link.read.1.tlog
d:\github university projects\301cr - gameengine2d - ivan alexandru\301cr---gameengine2d---ivan-alexandru\gameengine2d - alex\debug\gameengi.28cde223.tlog\link.write.1.tlog
